<?xml version="1.0" encoding="UTF-8"?>
<!-- Generated by org.testng.reporters.JUnitReportReporter -->
<testsuite hostname="Chaitanya" failures="0" tests="1" name="Sino.Myriad.AppTest" time="0.011" errors="0" timestamp="2021-03-17T20:34:02 IST" skipped="0">
  <testcase classname="Sino.Myriad.AppTest" name="shouldAnswerWithTrue" time="0.011"/>
  <system-out/>
</testsuite> <!-- Sino.Myriad.AppTest -->
