<?xml version="1.0" encoding="UTF-8"?>
<!-- Generated by org.testng.reporters.JUnitReportReporter -->
<testsuite hostname="Chaitanya" failures="0" tests="2" name="Sino.Myriad.SetupTeardown" time="11.690" errors="0" timestamp="2021-03-20T14:53:45 IST" skipped="0">
  <testcase classname="Sino.Myriad.SetupTeardown" name="stinger" time="9.615"/>
  <system-out/>
  <testcase classname="Sino.Myriad.SetupTeardown" name="birnger" time="2.075"/>
  <system-out/>
</testsuite> <!-- Sino.Myriad.SetupTeardown -->
