<?xml version="1.0" encoding="UTF-8"?>
<!-- Generated by org.testng.reporters.JUnitReportReporter -->
<testsuite hostname="Chaitanya" failures="0" tests="1" name="Sino.Myriad.SetupTeardown" time="2.010" errors="0" timestamp="2021-03-19T21:56:27 IST" skipped="0">
  <testcase classname="Sino.Myriad.SetupTeardown" name="birnger" time="2.010"/>
  <system-out/>
</testsuite> <!-- Sino.Myriad.SetupTeardown -->
